2024-07-06 23:55:26.523  INFO Found a solution with target 38188
2024-07-06 23:55:26.745  INFO Found a solution with target 22756
2024-07-06 23:55:33.545  INFO Found a solution with target 16919
2024-07-06 23:55:53.312  INFO Found a solution with target 16560
2024-07-06 23:55:57.377  INFO 2.2.0 209313 perf: 384310 (1m: 802.80 P/s, 5m: 802.93 P/s, 30m: --- P/s, 60m: --- P/s)
2024-07-06 23:56:04.496  INFO Found a solution with target 21253
2024-07-06 23:56:09.872  INFO Found a solution with target 44577
2024-07-06 23:56:22.987  INFO Found a solution with target 692875
2024-07-06 23:56:55.739  INFO [In] Disconnected from pool std
2024-07-06 23:56:57.377  INFO 2.2.0 209313 perf: 432501 (1m: 803.18 P/s, 5m: 802.99 P/s, 30m: --- P/s, 60m: --- P/s)
2024-07-06 23:56:57.377  INFO 2.2.0 209313 perf: 432501 (1m: 803.1
2024-07-06 23:56:57.377  INFO 2.2.0 209313 perf: 432501 (1m: 803.1
2024-07-06 23:56:57.377  INFO 2.2.0 209313 perf: 432501 (1m: 803.1
2024-07-06 23:52:20.889  INFO 2.2.0 260413 perf: 6477301 (1m: 442.08 P/s, 5m: 442.35 P/s, 30m: 442.35 P/s, 60m: 373.45 P/s)
2024-07-06 23:52:20.889  INFO 2.2.0 260413 perf: 6477301 (1m: 442.08 P/s, 5m: 442.35 P/s, 30m: 442.35 P/s, 60m: 373.45 P/s)

2024-07-04 23:52:20.889  INFO 2.2.0 260413 perf: 6477301 (1m: 442.08 P/s, 5m: 442.35 P/s, 30m: 442.35 P/s, 60m: 373.45 P/s)
2024-07-06 23:52:20.889  INFO 2.2.0 260413 perf: 6477301 (1m: 442.08 P/s, 5m: 442.35 P/s, 30m: 442.35 P/s, 60m: 373.45 P/s)
2024-07-06 23:52:20.889  INFO 2.2.0 260413 perf: 6477301 (1m: 442

2024-07-06 23:52:20.889  INFO 2.2.0 260413 perf: 6477301 (1m: 442

2024-07-06 23:52:20.889  INFO 2.2.0 260413 perf: 6477301 (1m: 442
2024-07-06 23:52:20.889  INFO 2.2.0 260413 perf: 6477301 (1m: 442
2024-07-06 23:52:20.889  INFO 2.2.0 260413 perf: 6477301 (1m: 
2024-07-06 23:52:20.889  INFO 2.2.0 260413 perf: 6477301 (1m: 442
2024-07-06 23:52:20.889  INFO 2.2.0 260413 perf: 6477301 (1m: 442
2024-07-06 23:55:26.523  INFO Found a solution with target 38188
2024-07-06 23:55:26.745  INFO Found a solution with target 22756
2024-07-06 23:55:33.545  INFO Found a solution with target 16919
2024-07-06 23:55:53.312  INFO Found a solution with target 16560
2024-07-06 23:55:57.377  INFO 2.2.0 209313 perf: 384310 (1m: 802.80 P/s, 5m: 802.93 P/s, 30m: --- P/s, 60m: --- P/s)
2024-07-06 23:56:04.496  INFO Found a solution with target 21253
2024-07-06 23:56:09.872  INFO Found a solution with target 44577
2024-07-06 23:56:22.987  INFO Found a solution with target 692875
2024-07-06 23:56:55.739  INFO [In] Disconnected from pool std
2024-07-06 23:56:57.377  INFO 2.2.0 209313 perf: 432501 (1m: 803.18 P/s, 5m: 802.99 P/s, 30m: --- P/s, 60m: --- P/s)
2024-07-06 23:56:57.377  INFO 2.2.0 209313 perf: 432501 (1m: 803.1
2024-07-06 23:56:57.377  INFO 2.2.0 209313 perf: 432501 (1m: 803.1
2024-07-06 23:56:57.377  INFO 2.2.0 209313 perf: 432501 (1m: 803.1
2024-07-06 23:52:20.889  INFO 2.2.0 260413 perf: 6477301 (1m: 442.08 P/s, 5m: 442.35 P/s, 30m: 442.35 P/s, 60m: 373.45 P/s)
2024-07-06 23:52:20.889  INFO 2.2.0 260413 perf: 6477301 (1m: 442.08 P/s, 5m: 442.35 P/s, 30m: 442.35 P/s, 60m: 373.45 P/s)

2024-07-04 23:52:20.889  INFO 2.2.0 260413 perf: 6477301 (1m: 442.08 P/s, 5m: 442.35 P/s, 30m: 442.35 P/s, 60m: 373.45 P/s)
2024-07-06 23:52:20.889  INFO 2.2.0 260413 perf: 6477301 (1m: 442.08 P/s, 5m: 442.35 P/s, 30m: 442.35 P/s, 60m: 373.45 P/s)
2024-07-06 23:52:20.889  INFO 2.2.0 260413 perf: 6477301 (1m: 442

2024-07-06 23:52:20.889  INFO 2.2.0 260413 perf: 6477301 (1m: 442

2024-07-06 23:52:20.889  INFO 2.2.0 260413 perf: 6477301 (1m: 442
2024-07-06 23:52:20.889  INFO 2.2.0 260413 perf: 6477301 (1m: 442
2024-07-06 23:52:20.889  INFO 2.2.0 260413 perf: 6477301 (1m: 
2024-07-06 23:52:20.889  INFO 2.2.0 260413 perf: 6477301 (1m: 442
2024-07-06 23:52:20.889  INFO 2.2.0 260413 perf: 6477301 (1m: 442

2024-07-06 23:55:26.523  INFO Found a solution with target 38188
2024-07-06 23:55:26.745  INFO Found a solution with target 22756
2024-07-06 23:55:33.545  INFO Found a solution with target 16919
2024-07-06 23:55:53.312  INFO Found a solution with target 16560
2024-07-06 23:55:57.377  INFO 2.2.0 209313 perf: 384310 (1m: 802.80 P/s, 5m: 802.93 P/s, 30m: --- P/s, 60m: --- P/s)
2024-07-06 23:56:04.496  INFO Found a solution with target 21253
2024-07-06 23:56:09.872  INFO Found a solution with target 44577
2024-07-06 23:56:22.987  INFO Found a solution with target 692875
2024-07-06 23:56:55.739  INFO [In] Disconnected from pool std
2024-07-06 23:56:57.377  INFO 2.2.0 209313 perf: 432501 (1m: 803.18 P/s, 5m: 802.99 P/s, 30m: --- P/s, 60m: --- P/s)
2024-07-06 23:56:57.377  INFO 2.2.0 209313 perf: 432501 (1m: 803.1
2024-07-06 23:56:57.377  INFO 2.2.0 209313 perf: 432501 (1m: 803.1
2024-07-06 23:56:57.377  INFO 2.2.0 209313 perf: 432501 (1m: 803.1
2024-07-06 23:52:20.889  INFO 2.2.0 260413 perf: 6477301 (1m: 442.08 P/s, 5m: 442.35 P/s, 30m: 442.35 P/s, 60m: 373.45 P/s)
2024-07-06 23:52:20.889  INFO 2.2.0 260413 perf: 6477301 (1m: 442.08 P/s, 5m: 442.35 P/s, 30m: 442.35 P/s, 60m: 373.45 P/s)

2024-07-04 23:52:20.889  INFO 2.2.0 260413 perf: 6477301 (1m: 442.08 P/s, 5m: 442.35 P/s, 30m: 442.35 P/s, 60m: 373.45 P/s)
2024-07-06 23:52:20.889  INFO 2.2.0 260413 perf: 6477301 (1m: 442.08 P/s, 5m: 442.35 P/s, 30m: 442.35 P/s, 60m: 373.45 P/s)
2024-07-06 23:52:20.889  INFO 2.2.0 260413 perf: 6477301 (1m: 442

2024-07-06 23:52:20.889  INFO 2.2.0 260413 perf: 6477301 (1m: 442

2024-07-06 23:52:20.889  INFO 2.2.0 260413 perf: 6477301 (1m: 442
2024-07-06 23:52:20.889  INFO 2.2.0 260413 perf: 6477301 (1m: 442
2024-07-06 23:52:20.889  INFO 2.2.0 260413 perf: 6477301 (1m: 
2024-07-06 23:52:20.889  INFO 2.2.0 260413 perf: 6477301 (1m: 442
2024-07-06 23:52:20.889  INFO 2.2.0 260413 perf: 6477301 (1m: 442

2024-07-06 23:55:26.523  INFO Found a solution with target 38188
2024-07-06 23:55:26.745  INFO Found a solution with target 22756
2024-07-06 23:55:33.545  INFO Found a solution with target 16919
2024-07-06 23:55:53.312  INFO Found a solution with target 16560
2024-07-06 23:55:57.377  INFO 2.2.0 209313 perf: 384310 (1m: 802.80 P/s, 5m: 802.93 P/s, 30m: --- P/s, 60m: --- P/s)
2024-07-06 23:56:04.496  INFO Found a solution with target 21253
2024-07-06 23:56:09.872  INFO Found a solution with target 44577
2024-07-06 23:56:22.987  INFO Found a solution with target 692875
2024-07-06 23:56:55.739  INFO [In] Disconnected from pool std
2024-07-06 23:56:57.377  INFO 2.2.0 209313 perf: 432501 (1m: 803.18 P/s, 5m: 802.99 P/s, 30m: --- P/s, 60m: --- P/s)
2024-07-06 23:56:57.377  INFO 2.2.0 209313 perf: 432501 (1m: 803.1
2024-07-06 23:56:57.377  INFO 2.2.0 209313 perf: 432501 (1m: 803.1
2024-07-06 23:56:57.377  INFO 2.2.0 209313 perf: 432501 (1m: 803.1
2024-07-06 23:52:20.889  INFO 2.2.0 260413 perf: 6477301 (1m: 442.08 P/s, 5m: 442.35 P/s, 30m: 442.35 P/s, 60m: 373.45 P/s)
2024-07-06 23:52:20.889  INFO 2.2.0 260413 perf: 6477301 (1m: 442.08 P/s, 5m: 442.35 P/s, 30m: 442.35 P/s, 60m: 373.45 P/s)

2024-07-04 23:52:20.889  INFO 2.2.0 260413 perf: 6477301 (1m: 442.08 P/s, 5m: 442.35 P/s, 30m: 442.35 P/s, 60m: 373.45 P/s)
2024-07-06 23:52:20.889  INFO 2.2.0 260413 perf: 6477301 (1m: 442.08 P/s, 5m: 442.35 P/s, 30m: 442.35 P/s, 60m: 373.45 P/s)
2024-07-06 23:52:20.889  INFO 2.2.0 260413 perf: 6477301 (1m: 442

2024-07-06 23:52:20.889  INFO 2.2.0 260413 perf: 6477301 (1m: 442

2024-07-06 23:52:20.889  INFO 2.2.0 260413 perf: 6477301 (1m: 442
2024-07-06 23:52:20.889  INFO 2.2.0 260413 perf: 6477301 (1m: 442
2024-07-06 23:52:20.889  INFO 2.2.0 260413 perf: 6477301 (1m: 
2024-07-06 23:52:20.889  INFO 2.2.0 260413 perf: 6477301 (1m: 442
2024-07-06 23:52:20.889  INFO 2.2.0 260413 perf: 6477301 (1m: 442

2024-07-06 23:55:26.523  INFO Found a solution with target 38188
2024-07-06 23:55:26.745  INFO Found a solution with target 22756
2024-07-06 23:55:33.545  INFO Found a solution with target 16919
2024-07-06 23:55:53.312  INFO Found a solution with target 16560
2024-07-06 23:55:57.377  INFO 2.2.0 209313 perf: 384310 (1m: 802.80 P/s, 5m: 802.93 P/s, 30m: --- P/s, 60m: --- P/s)
2024-07-06 23:56:04.496  INFO Found a solution with target 21253
2024-07-06 23:56:09.872  INFO Found a solution with target 44577
2024-07-06 23:56:22.987  INFO Found a solution with target 692875
2024-07-06 23:56:55.739  INFO [In] Disconnected from pool std
2024-07-06 23:56:57.377  INFO 2.2.0 209313 perf: 432501 (1m: 803.18 P/s, 5m: 802.99 P/s, 30m: --- P/s, 60m: --- P/s)
2024-07-06 23:56:57.377  INFO 2.2.0 209313 perf: 432501 (1m: 803.1
2024-07-06 23:56:57.377  INFO 2.2.0 209313 perf: 432501 (1m: 803.1
2024-07-06 23:56:57.377  INFO 2.2.0 209313 perf: 432501 (1m: 803.1
2024-07-06 23:52:20.889  INFO 2.2.0 260413 perf: 6477301 (1m: 442.08 P/s, 5m: 442.35 P/s, 30m: 442.35 P/s, 60m: 373.45 P/s)
2024-07-06 23:52:20.889  INFO 2.2.0 260413 perf: 6477301 (1m: 442.08 P/s, 5m: 442.35 P/s, 30m: 442.35 P/s, 60m: 373.45 P/s)

2024-07-04 23:52:20.889  INFO 2.2.0 260413 perf: 6477301 (1m: 442.08 P/s, 5m: 442.35 P/s, 30m: 442.35 P/s, 60m: 373.45 P/s)
2024-07-06 23:52:20.889  INFO 2.2.0 260413 perf: 6477301 (1m: 442.08 P/s, 5m: 442.35 P/s, 30m: 442.35 P/s, 60m: 373.45 P/s)
2024-07-06 23:52:20.889  INFO 2.2.0 260413 perf: 6477301 (1m: 442

2024-07-06 23:52:20.889  INFO 2.2.0 260413 perf: 6477301 (1m: 442

2024-07-06 23:52:20.889  INFO 2.2.0 260413 perf: 6477301 (1m: 442
2024-07-06 23:52:20.889  INFO 2.2.0 260413 perf: 6477301 (1m: 442
2024-07-06 23:52:20.889  INFO 2.2.0 260413 perf: 6477301 (1m: 
2024-07-06 23:52:20.889  INFO 2.2.0 260413 perf: 6477301 (1m: 442
2024-07-06 23:52:20.889  INFO 2.2.0 260413 perf: 6477301 (1m: 442

2024-07-06 23:55:26.523  INFO Found a solution with target 38188
2024-07-06 23:55:26.745  INFO Found a solution with target 22756
2024-07-06 23:55:33.545  INFO Found a solution with target 16919
2024-07-06 23:55:53.312  INFO Found a solution with target 16560
2024-07-06 23:55:57.377  INFO 2.2.0 209313 perf: 384310 (1m: 802.80 P/s, 5m: 802.93 P/s, 30m: --- P/s, 60m: --- P/s)
2024-07-06 23:56:04.496  INFO Found a solution with target 21253
2024-07-06 23:56:09.872  INFO Found a solution with target 44577
2024-07-06 23:56:22.987  INFO Found a solution with target 692875
2024-07-06 23:56:55.739  INFO [In] Disconnected from pool std
2024-07-06 23:56:57.377  INFO 2.2.0 209313 perf: 432501 (1m: 803.18 P/s, 5m: 802.99 P/s, 30m: --- P/s, 60m: --- P/s)
2024-07-06 23:56:57.377  INFO 2.2.0 209313 perf: 432501 (1m: 803.1
2024-07-06 23:56:57.377  INFO 2.2.0 209313 perf: 432501 (1m: 803.1
2024-07-06 23:56:57.377  INFO 2.2.0 209313 perf: 432501 (1m: 803.1
2024-07-06 23:52:20.889  INFO 2.2.0 260413 perf: 6477301 (1m: 442.08 P/s, 5m: 442.35 P/s, 30m: 442.35 P/s, 60m: 373.45 P/s)
2024-07-06 23:52:20.889  INFO 2.2.0 260413 perf: 6477301 (1m: 442.08 P/s, 5m: 442.35 P/s, 30m: 442.35 P/s, 60m: 373.45 P/s)

2024-07-04 23:52:20.889  INFO 2.2.0 260413 perf: 6477301 (1m: 442.08 P/s, 5m: 442.35 P/s, 30m: 442.35 P/s, 60m: 373.45 P/s)
2024-07-06 23:52:20.889  INFO 2.2.0 260413 perf: 6477301 (1m: 442.08 P/s, 5m: 442.35 P/s, 30m: 442.35 P/s, 60m: 373.45 P/s)
2024-07-06 23:52:20.889  INFO 2.2.0 260413 perf: 6477301 (1m: 442

2024-07-06 23:52:20.889  INFO 2.2.0 260413 perf: 6477301 (1m: 442

2024-07-06 23:52:20.889  INFO 2.2.0 260413 perf: 6477301 (1m: 442
2024-07-06 23:52:20.889  INFO 2.2.0 260413 perf: 6477301 (1m: 442
2024-07-06 23:52:20.889  INFO 2.2.0 260413 perf: 6477301 (1m: 
2024-07-06 23:52:20.889  INFO 2.2.0 260413 perf: 6477301 (1m: 442
2024-07-06 23:52:20.889  INFO 2.2.0 260413 perf: 6477301 (1m: 442
2024-07-06 23:56:55.739  INFO [In] Disconnected from pool std
2024-07-06 23:56:57.377  INFO 2.2.0 209313 perf: 432501 (1m: 803.18 P/s, 5m: 802.99 P/s, 30m: --- P/s, 60m: --- P/s)
2024-07-06 23:56:57.377  INFO 2.2.0 209313 perf: 432501 (1m: 803.1
2024-07-06 23:56:57.377  INFO 2.2.0 209313 perf: 432501 (1m: 803.1
2024-07-06 23:56:57.377  INFO 2.2.0 209313 perf: 432501 (1m: 803.1
2024-07-06 23:52:20.889  INFO 2.2.0 260413 perf: 6477301 (1m: 442.08 P/s, 5m: 442.35 P/s, 30m: 442.35 P/s, 60m: 373.45 P/s)
2024-07-06 23:52:20.889  INFO 2.2.0 260413 perf: 6477301 (1m: 442.08 P/s, 5m: 442.35 P/s, 30m: 442.35 P/s, 60m: 373.45 P/s)

2024-07-04 23:52:20.889  INFO 2.2.0 260413 perf: 6477301 (1m: 442.08 P/s, 5m: 442.35 P/s, 30m: 442.35 P/s, 60m: 373.45 P/s)
2024-07-06 23:52:20.889  INFO 2.2.0 260413 perf: 6477301 (1m: 442.08 P/s, 5m: 442.35 P/s, 30m: 442.35 P/s, 60m: 373.45 P/s)
2024-07-06 23:52:20.889  INFO 2.2.0 260413 perf: 6477301 (1m: 442

2024-07-06 23:52:20.889  INFO 2.2.0 260413 perf: 6477301 (1m: 442

2024-07-06 23:52:20.889  INFO 2.2.0 260413 perf: 6477301 (1m: 442
2024-07-06 23:52:20.889  INFO 2.2.0 260413 perf: 6477301 (1m: 442
2024-07-06 23:52:20.889  INFO 2.2.0 260413 perf: 6477301 (1m: 
2024-07-06 23:52:20.889  INFO 2.2.0 260413 perf: 6477301 (1m: 442
2024-07-08 23:52:20.889  INFO 2.2.0 260413 perf: 6477301 (1m: 842


2024-07-06 23:55:57.377  INFO 2.2.0 209313 perf: 384310 (1m: 802.80 P/s, 5m: 802.93 P/s, 30m: --- P/s, 60m: --- P/s)

2024-07-07 00:50:57.377  INFO 2.2.0 209313 perf: 384310 (1m: 1802.80 P/s, 5m: 802.93 P/s, 30m: --- P/s, 60m: --- P/s)