2024-07-10 23:25:31,150 - INFO - 开始运行脚本...
2024-07-10 23:25:31,150 - INFO - Fetching mining status...
2024-07-10 23:25:31,150 - INFO - Sending request to API...
2024-07-10 23:25:31,729 - INFO - API 响应数据: {'info': {'name': '', 'hash_rate': 305.1430635569685, 'h1_hash_rate': 481.28000000000003, 'h24_hash_rate': 915.914074074074, 'h1_stale_hash_rate': 1.1377777777777778, 'h24_stale_hash_rate': 24.817777777777778, 'h24_delay_hash_rate': 0, 'local_hash_rate': 0, 'h24_local_hash_rate': 0}, 'history': None, 'currency': ''}
2024-07-10 23:25:31,730 - INFO - 状态:
用户名: yc13884935
算力: 305.1430635569685
最近1小时算力: 481.28000000000003
最近24小时算力: 915.914074074074
最近1小时失效算力: 1.1377777777777778
最近24小时失效算力: 24.817777777777778
未支付收益: 无
2024-07-10 23:27:30,719 - INFO - 开始运行脚本...
2024-07-10 23:27:30,719 - INFO - Fetching mining status...
2024-07-10 23:27:30,719 - INFO - Sending request to API...
2024-07-10 23:27:31,278 - INFO - API 响应数据: {'info': {'name': '', 'hash_rate': 288.78949044956715, 'h1_hash_rate': 481.28000000000003, 'h24_hash_rate': 915.914074074074, 'h1_stale_hash_rate': 1.1377777777777778, 'h24_stale_hash_rate': 24.817777777777778, 'h24_delay_hash_rate': 0, 'local_hash_rate': 0, 'h24_local_hash_rate': 0}, 'history': None, 'currency': ''}
2024-07-10 23:27:31,279 - INFO - 状态:
用户名: yc13884935
算力: 288.78949044956715
最近1小时算力: 481.28000000000003
最近24小时算力: 915.914074074074
最近1小时失效算力: 1.1377777777777778
最近24小时失效算力: 24.817777777777778
未支付收益: 无
2024-07-10 23:27:42,970 - INFO - 开始运行脚本...
2024-07-10 23:27:42,970 - INFO - Fetching mining status...
2024-07-10 23:27:42,970 - INFO - Sending request to API...
2024-07-10 23:27:43,644 - INFO - API 响应数据: {'info': {'name': '', 'hash_rate': 288.7894904495671, 'h1_hash_rate': 481.28000000000003, 'h24_hash_rate': 915.914074074074, 'h1_stale_hash_rate': 1.1377777777777778, 'h24_stale_hash_rate': 24.817777777777778, 'h24_delay_hash_rate': 0, 'local_hash_rate': 0, 'h24_local_hash_rate': 0}, 'history': None, 'currency': ''}
2024-07-10 23:27:43,644 - INFO - 状态:
用户名: yc13884935
算力: 288.7894904495671
最近1小时算力: 481.28000000000003
最近24小时算力: 915.914074074074
最近1小时失效算力: 1.1377777777777778
最近24小时失效算力: 24.817777777777778
未支付收益: 无
2024-07-10 23:28:30,607 - INFO - 开始运行脚本...
2024-07-10 23:28:30,607 - INFO - Fetching mining status...
2024-07-10 23:28:30,607 - INFO - Sending request to API...
2024-07-10 23:28:31,292 - INFO - API 响应数据: {'info': {'name': '', 'hash_rate': 307.4804748443326, 'h1_hash_rate': 481.28000000000003, 'h24_hash_rate': 915.914074074074, 'h1_stale_hash_rate': 1.1377777777777778, 'h24_stale_hash_rate': 24.817777777777778, 'h24_delay_hash_rate': 0, 'local_hash_rate': 0, 'h24_local_hash_rate': 0}, 'history': None, 'currency': ''}
2024-07-10 23:28:31,293 - INFO - 状态:
用户名: yc13884935
算力: 307.4804748443326
最近1小时算力: 481.28000000000003
最近24小时算力: 915.914074074074
最近1小时失效算力: 1.1377777777777778
最近24小时失效算力: 24.817777777777778
未支付收益: 无
